<?xml version="1.0" encoding="UTF-8"?>
<!-- Generated by org.testng.reporters.JUnitXMLReporter -->
<testsuite ignored="0" hostname="DESKTOP-BD7D664" failures="0" tests="7" name="Default test" time="113.316" errors="0" timestamp="2024-06-23T11:37:00 IST">
  <testcase classname="com.QA.TestClass.LoginTest" name="loginDetails" time="2.253"/>
  <testcase classname="com.QA.TestClass.LoginTest" name="loginDetails" time="2.84"/>
  <testcase classname="com.QA.TestClass.LoginTest" name="loginDetails" time="2.741"/>
  <testcase classname="com.QA.TestClass.LoginTest" name="loginDetails" time="2.704"/>
  <testcase classname="com.QA.TestClass.LoginTest" name="loginDetails" time="4.359"/>
  <testcase classname="com.QA.TestClass.LoginTest" name="loginDetails" time="4.447"/>
  <testcase classname="com.QA.TestClass.LoginTest" name="welcomeTest" time="0.025"/>
</testsuite> <!-- Default test -->
