<?xml version="1.0" encoding="UTF-8"?>
<testng-results ignored="0" total="7" passed="7" failed="0" skipped="0">
  <reporter-output>
  </reporter-output>
  <suite started-at="2024-06-23T11:35:07 IST" name="Default suite" finished-at="2024-06-23T11:37:00 IST" duration-ms="113316">
    <groups>
    </groups>
    <test started-at="2024-06-23T11:35:07 IST" name="Default test" finished-at="2024-06-23T11:37:00 IST" duration-ms="113316">
      <class name="com.QA.TestClass.LoginTest">
        <test-method is-config="true" signature="setup()[pri:0, instance:com.QA.TestClass.LoginTest@2a7f1f10]" started-at="2024-06-23T11:35:09 IST" name="setup" finished-at="2024-06-23T11:35:19 IST" duration-ms="10611" status="PASS">
          <reporter-output>
          </reporter-output>
        </test-method> <!-- setup -->
        <test-method signature="loginDetails(java.util.Map)[pri:0, instance:com.QA.TestClass.LoginTest@2a7f1f10]" started-at="2024-06-23T11:35:19 IST" name="loginDetails" data-provider="PassData" finished-at="2024-06-23T11:35:22 IST" duration-ms="2253" status="PASS">
          <params>
            <param index="0">
              <value>
                <![CDATA[{Username=admin, Profession=Inpatient Ward, Password=Admin123}]]>
              </value>
            </param>
          </params>
          <reporter-output>
          </reporter-output>
        </test-method> <!-- loginDetails -->
        <test-method is-config="true" signature="setup()[pri:0, instance:com.QA.TestClass.LoginTest@2a7f1f10]" started-at="2024-06-23T11:35:22 IST" name="setup" finished-at="2024-06-23T11:35:33 IST" duration-ms="11403" status="PASS">
          <reporter-output>
          </reporter-output>
        </test-method> <!-- setup -->
        <test-method signature="loginDetails(java.util.Map)[pri:0, instance:com.QA.TestClass.LoginTest@2a7f1f10]" started-at="2024-06-23T11:35:33 IST" name="loginDetails" data-provider="PassData" finished-at="2024-06-23T11:35:36 IST" duration-ms="2840" status="PASS">
          <params>
            <param index="0">
              <value>
                <![CDATA[{Username=admin, Profession=Isolation Ward, Password=Admin123}]]>
              </value>
            </param>
          </params>
          <reporter-output>
          </reporter-output>
        </test-method> <!-- loginDetails -->
        <test-method is-config="true" signature="setup()[pri:0, instance:com.QA.TestClass.LoginTest@2a7f1f10]" started-at="2024-06-23T11:35:36 IST" name="setup" finished-at="2024-06-23T11:35:47 IST" duration-ms="10069" status="PASS">
          <reporter-output>
          </reporter-output>
        </test-method> <!-- setup -->
        <test-method signature="loginDetails(java.util.Map)[pri:0, instance:com.QA.TestClass.LoginTest@2a7f1f10]" started-at="2024-06-23T11:35:47 IST" name="loginDetails" data-provider="PassData" finished-at="2024-06-23T11:35:49 IST" duration-ms="2741" status="PASS">
          <params>
            <param index="0">
              <value>
                <![CDATA[{Username=admin, Profession=Laboratory, Password=Admin123}]]>
              </value>
            </param>
          </params>
          <reporter-output>
          </reporter-output>
        </test-method> <!-- loginDetails -->
        <test-method is-config="true" signature="setup()[pri:0, instance:com.QA.TestClass.LoginTest@2a7f1f10]" started-at="2024-06-23T11:35:49 IST" name="setup" finished-at="2024-06-23T11:36:01 IST" duration-ms="11201" status="PASS">
          <reporter-output>
          </reporter-output>
        </test-method> <!-- setup -->
        <test-method signature="loginDetails(java.util.Map)[pri:0, instance:com.QA.TestClass.LoginTest@2a7f1f10]" started-at="2024-06-23T11:36:01 IST" name="loginDetails" data-provider="PassData" finished-at="2024-06-23T11:36:03 IST" duration-ms="2704" status="PASS">
          <params>
            <param index="0">
              <value>
                <![CDATA[{Username=admin, Profession=Outpatient Clinic, Password=Admin123}]]>
              </value>
            </param>
          </params>
          <reporter-output>
          </reporter-output>
        </test-method> <!-- loginDetails -->
        <test-method is-config="true" signature="setup()[pri:0, instance:com.QA.TestClass.LoginTest@2a7f1f10]" started-at="2024-06-23T11:36:04 IST" name="setup" finished-at="2024-06-23T11:36:15 IST" duration-ms="11263" status="PASS">
          <reporter-output>
          </reporter-output>
        </test-method> <!-- setup -->
        <test-method signature="loginDetails(java.util.Map)[pri:0, instance:com.QA.TestClass.LoginTest@2a7f1f10]" started-at="2024-06-23T11:36:15 IST" name="loginDetails" data-provider="PassData" finished-at="2024-06-23T11:36:19 IST" duration-ms="4359" status="PASS">
          <params>
            <param index="0">
              <value>
                <![CDATA[{Username=admin, Profession=Pharmacy, Password=Admin123}]]>
              </value>
            </param>
          </params>
          <reporter-output>
          </reporter-output>
        </test-method> <!-- loginDetails -->
        <test-method is-config="true" signature="setup()[pri:0, instance:com.QA.TestClass.LoginTest@2a7f1f10]" started-at="2024-06-23T11:36:20 IST" name="setup" finished-at="2024-06-23T11:36:41 IST" duration-ms="21122" status="PASS">
          <reporter-output>
          </reporter-output>
        </test-method> <!-- setup -->
        <test-method signature="loginDetails(java.util.Map)[pri:0, instance:com.QA.TestClass.LoginTest@2a7f1f10]" started-at="2024-06-23T11:36:41 IST" name="loginDetails" data-provider="PassData" finished-at="2024-06-23T11:36:46 IST" duration-ms="4447" status="PASS">
          <params>
            <param index="0">
              <value>
                <![CDATA[{Username=admin, Profession=Registration Desk, Password=Admin123}]]>
              </value>
            </param>
          </params>
          <reporter-output>
          </reporter-output>
        </test-method> <!-- loginDetails -->
        <test-method is-config="true" signature="setup()[pri:0, instance:com.QA.TestClass.LoginTest@2a7f1f10]" started-at="2024-06-23T11:36:46 IST" name="setup" finished-at="2024-06-23T11:37:00 IST" duration-ms="14133" status="PASS">
          <reporter-output>
          </reporter-output>
        </test-method> <!-- setup -->
        <test-method signature="welcomeTest()[pri:0, instance:com.QA.TestClass.LoginTest@2a7f1f10]" started-at="2024-06-23T11:37:00 IST" name="welcomeTest" finished-at="2024-06-23T11:37:00 IST" duration-ms="25" status="PASS">
          <reporter-output>
          </reporter-output>
        </test-method> <!-- welcomeTest -->
      </class> <!-- com.QA.TestClass.LoginTest -->
    </test> <!-- Default test -->
  </suite> <!-- Default suite -->
</testng-results>
